Running in Lattice mode


Starting:    C:\ispLEVER_Classic2_0\synpbase\win64\mbin\synbatch.exe
Install:     C:\ispLEVER_Classic2_0\synpbase
Date:        Fri Sep 29 18:09:57 2017
Version:     I-2014.03LC 

Arguments:   -product synplify_pro  -batch c:/isplever_classic2_0/examples/ochomas/problema 3\ejecuta.prj
ProductType: synplify_pro





log file: "C:\isplever_classic2_0\examples\ochomas\problema 3\ejecuta.srr"

Running ejecuta|problema 3

Running: Compile on ejecuta|problema 3

Running: Compile Process on ejecuta|problema 3

Running: Compile Input on ejecuta|problema 3
Copied C:\isplever_classic2_0\examples\ochomas\problema 3\synwork\ejecuta_comp.srs to C:\isplever_classic2_0\examples\ochomas\problema 3\ejecuta.srs
compiler Completed
Return Code: 0
Run Time:0h:00m:01s

Running: Multi-srs Generator on ejecuta|problema 3
Copied C:\isplever_classic2_0\examples\ochomas\problema 3\synwork\ejecuta_comp.srs to C:\isplever_classic2_0\examples\ochomas\problema 3\synwork\ejecuta_s.srs
multi_srs_gen Completed
Return Code: 0
Run Time:0h:00m:00s
Copied C:\isplever_classic2_0\examples\ochomas\problema 3\synwork\ejecuta_mult.srs to C:\isplever_classic2_0\examples\ochomas\problema 3\ejecuta.srs
Copied C:\isplever_classic2_0\examples\ochomas\problema 3\ejecuta.srr to C:\isplever_classic2_0\examples\ochomas\problema 3\ejecuta.srf
Complete: Compile Process on ejecuta|problema 3
Complete: Compile on ejecuta|problema 3

Running: Map on ejecuta|problema 3

Running: Map & Optimize on ejecuta|problema 3
fpga_mapper Completed
Return Code: 0
Run Time:0h:00m:00s
Complete: Map on ejecuta|problema 3
Complete: Logic Synthesis on ejecuta|problema 3

exit status=0

exit status=0

