

                                                                      Page 1
ispLEVER Classic 2.0.00.17.20.15  -  Device Utilization Chart         Thu Dec 07 04:26:19 2017



--------------------------------------------------------------------------------

Module                   : 'codigo'

--------------------------------------------------------------------------------

Input files:

    ABEL PLA file        : contador_restador_7.tt3
    Device library       : P22V10G.dev

Output files:

    Report file          : contador_restador_7.rpt
    Programmer load file : contador_restador_7.jed

--------------------------------------------------------------------------------


                                                                      Page 2
ispLEVER Classic 2.0.00.17.20.15  -  Device Utilization Chart         Thu Dec 07 04:26:19 2017

P22V10G Programmed Logic:
--------------------------------------------------------------------------------



Q_3_     = (0);

Q_0_     = (0);

Q_1_.D   = (  !Q_1_.Q & !Q_2_.Q ); " ISTYPE 'BUFFER'
Q_1_.C   = (  Clock );
Q_1_.AR  = (  X );

Q_2_.D   = (  Q_1_.Q ); " ISTYPE 'BUFFER'
Q_2_.C   = (  Clock );
Q_2_.AR  = (  X );



                                                                      Page 3
ispLEVER Classic 2.0.00.17.20.15  -  Device Utilization Chart         Thu Dec 07 04:26:19 2017

P22V10G Chip Diagram:
--------------------------------------------------------------------------------




                                   P22V10G

                         +---------\       /---------+
                         |          \     /          |
                         |           -----           |
                   Clock |  1                    24  | Vcc                     
                         |                           |
                       X |  2                    23  |                         
                         |                           |
                         |  3                    22  |                         
                         |                           |
                         |  4                    21  |                         
                         |                           |
                         |  5                    20  | Q_3_                    
                         |                           |
                         |  6                    19  | Q_2_                    
                         |                           |
                         |  7                    18  | Q_1_                    
                         |                           |
                         |  8                    17  | Q_0_                    
                         |                           |
                         |  9                    16  |                         
                         |                           |
                         | 10                    15  |                         
                         |                           |
                         | 11                    14  |                         
                         |                           |
                     GND | 12                    13  |                         
                         |                           |
                         |                           |
                         `---------------------------'

                        SIGNATURE: N/A


                                                                      Page 4
ispLEVER Classic 2.0.00.17.20.15  -  Device Utilization Chart         Thu Dec 07 04:26:19 2017

P22V10G Resource Allocations:
--------------------------------------------------------------------------------



        Device        | Resource  |   Design    |
       Resources      | Available | Requirement | Unused
======================|===========|=============|==============
                      |           |             |
Input Pins:           |           |             |
                      |           |             |
          Input:      |     12    |      2      |   10 ( 83 %)
                      |           |             |
Output Pins:          |           |             |
                      |           |             |
          In/Out:     |     10    |      4      |    6 ( 60 %)
          Output:     |      -    |      -      |    -
                      |           |             |
Buried Nodes:         |           |             |
                      |           |             |
          Input Reg:  |      -    |      -      |    -
          Pin Reg:    |     10    |      2      |    8 ( 80 %)
          Buried Reg: |      -    |      -      |    -


                                                                      Page 5
ispLEVER Classic 2.0.00.17.20.15  -  Device Utilization Chart         Thu Dec 07 04:26:19 2017

P22V10G Product Terms Distribution:
--------------------------------------------------------------------------------



            Signal                       |    Pin   | Terms | Terms | Terms
             Name                        | Assigned | Used  |  Max  | Unused
=========================================|==========|=======|=======|=======
Q_3_                                     |   20     |   0   |  14   |  14
Q_0_                                     |   17     |   0   |  14   |  14
Q_1_.D                                   |   18     |   1   |  16   |  15
Q_2_.D                                   |   19     |   1   |  16   |  15


     ==== List of Inputs/Feedbacks ====

Signal Name                              | Pin      | Pin Type
=========================================|==========|=========
Clock                                    |    1     | CLK/IN
X                                        |    2     | INPUT


                                                                      Page 6
ispLEVER Classic 2.0.00.17.20.15  -  Device Utilization Chart         Thu Dec 07 04:26:19 2017

P22V10G Unused Resources:
--------------------------------------------------------------------------------



 Pin   |  Pin   |   Product   | Flip-flop
Number |  Type  |   Terms     |   Type
=======|========|=============|==========
    3  |  INPUT |      -      |    -   
    4  |  INPUT |      -      |    -   
    5  |  INPUT |      -      |    -   
    6  |  INPUT |      -      |    -   
    7  |  INPUT |      -      |    -   
    8  |  INPUT |      -      |    -   
    9  |  INPUT |      -      |    -   
   10  |  INPUT |      -      |    -   
   11  |  INPUT |      -      |    -   
   13  |  INPUT |      -      |    -   
   14  |  BIDIR | NORMAL  8   |    D
   15  |  BIDIR | NORMAL 10   |    D
   16  |  BIDIR | NORMAL 12   |    D
   21  |  BIDIR | NORMAL 12   |    D
   22  |  BIDIR | NORMAL 10   |    D
   23  |  BIDIR | NORMAL  8   |    D
