Running in Lattice mode


Starting:    C:\ispLEVER_Classic2_0\synpbase\win64\mbin\synbatch.exe
Install:     C:\ispLEVER_Classic2_0\synpbase
Date:        Thu Nov 09 03:21:40 2017
Version:     I-2014.03LC 

Arguments:   -product synplify_pro  -batch c:/users/ismae/documents/github repos/aplicacion_sistemas_digitales/practicas/sumador\deco2.prj
ProductType: synplify_pro





log file: "C:\users\ismae\documents\github repos\aplicacion_sistemas_digitales\practicas\sumador\deco2.srr"

Running deco2|sumador

Running: Compile on deco2|sumador

Running: Compile Process on deco2|sumador

Running: Compile Input on deco2|sumador
Copied C:\users\ismae\documents\github repos\aplicacion_sistemas_digitales\practicas\sumador\synwork\deco2_comp.srs to C:\users\ismae\documents\github repos\aplicacion_sistemas_digitales\practicas\sumador\deco2.srs
compiler Completed
Return Code: 0
Run Time:0h:00m:01s

Running: Multi-srs Generator on deco2|sumador
Copied C:\users\ismae\documents\github repos\aplicacion_sistemas_digitales\practicas\sumador\synwork\deco2_comp.srs to C:\users\ismae\documents\github repos\aplicacion_sistemas_digitales\practicas\sumador\synwork\deco2_s.srs
multi_srs_gen Completed
Return Code: 0
Run Time:0h:00m:00s
Copied C:\users\ismae\documents\github repos\aplicacion_sistemas_digitales\practicas\sumador\synwork\deco2_mult.srs to C:\users\ismae\documents\github repos\aplicacion_sistemas_digitales\practicas\sumador\deco2.srs
Copied C:\users\ismae\documents\github repos\aplicacion_sistemas_digitales\practicas\sumador\deco2.srr to C:\users\ismae\documents\github repos\aplicacion_sistemas_digitales\practicas\sumador\deco2.srf
Complete: Compile Process on deco2|sumador
Complete: Compile on deco2|sumador

Running: Map on deco2|sumador

Running: Map & Optimize on deco2|sumador
fpga_mapper Completed
Return Code: 0
Run Time:0h:00m:00s
Complete: Map on deco2|sumador
Complete: Logic Synthesis on deco2|sumador

exit status=0

exit status=0

