Running in Lattice mode


Starting:    C:\ispLEVER_Classic2_0\synpbase\win64\mbin\synbatch.exe
Install:     C:\ispLEVER_Classic2_0\synpbase
Date:        Thu Nov 09 04:56:42 2017
Version:     I-2014.03LC 

Arguments:   -product synplify_pro  -batch c:/users/ismae/documents/github repos/aplicacion_sistemas_digitales/practicas/suma4\semi_suma.prj
ProductType: synplify_pro





log file: "C:\users\ismae\documents\github repos\aplicacion_sistemas_digitales\practicas\suma4\semi_suma.srr"

Running semi_suma|suma4

Running: Compile on semi_suma|suma4

Running: Compile Process on semi_suma|suma4

Running: Compile Input on semi_suma|suma4
Copied C:\users\ismae\documents\github repos\aplicacion_sistemas_digitales\practicas\suma4\synwork\semi_suma_comp.srs to C:\users\ismae\documents\github repos\aplicacion_sistemas_digitales\practicas\suma4\semi_suma.srs
compiler Completed
Return Code: 0
Run Time:0h:00m:01s

Running: Multi-srs Generator on semi_suma|suma4
Copied C:\users\ismae\documents\github repos\aplicacion_sistemas_digitales\practicas\suma4\synwork\semi_suma_comp.srs to C:\users\ismae\documents\github repos\aplicacion_sistemas_digitales\practicas\suma4\synwork\semi_suma_s.srs
multi_srs_gen Completed
Return Code: 0
Run Time:0h:00m:00s
Copied C:\users\ismae\documents\github repos\aplicacion_sistemas_digitales\practicas\suma4\synwork\semi_suma_mult.srs to C:\users\ismae\documents\github repos\aplicacion_sistemas_digitales\practicas\suma4\semi_suma.srs
Copied C:\users\ismae\documents\github repos\aplicacion_sistemas_digitales\practicas\suma4\semi_suma.srr to C:\users\ismae\documents\github repos\aplicacion_sistemas_digitales\practicas\suma4\semi_suma.srf
Complete: Compile Process on semi_suma|suma4
Complete: Compile on semi_suma|suma4

Running: Map on semi_suma|suma4

Running: Map & Optimize on semi_suma|suma4
fpga_mapper Completed
Return Code: 0
Run Time:0h:00m:00s
Complete: Map on semi_suma|suma4
Complete: Logic Synthesis on semi_suma|suma4

exit status=0

exit status=0

