ispLEVER Auto-Make Log File
---------------------------

Updating: Chip Report
Start to record tcl script...
Finished recording TCL script.

Starting: 'C:\ispLEVER_Classic2_0\ispcpld\bin\iblifopt.exe "codigo.bl0" -red bypin choose -collapse -pterms 8 -family -err automake.err -gui'

BLIFOPT  Open-ABEL Optimizer 
ispLEVER Classic 2.0 Copyright(C), 1992-2005, Lattice Semiconductor Corporation. All rights reserved
Portions Copyright(c), 1992-1999, Vantis Corporation
Portions Copyright(C), 1993-1998, Data I/O Corporation
Portions Copyright(C), 1997-1998, MINC Washington Corporation
Portions Copyright(C), Alan Phillips, Lancaster University Computer Centre 1992-1998
U.C. Berkeley, SIS Ver. 1.0, supported by Lattice Semiconductor Corp.
Reading Open-ABEL 2 file codigo.bl0...
Node N_28 has been collapsed.
Node N_25_i_i_0 has been collapsed.
Node N_42_i has been collapsed.
Node N_43_i has been collapsed.
Node N_44_i has been collapsed.
Node N_40_i has been collapsed.
Node N_41_i has been collapsed.
Node N_50_i has been collapsed.
Node N_37_i has been collapsed.
Node N_38_i has been collapsed.
Node N_39_i has been collapsed.
Node N_36_i has been collapsed.
Node N_48_i has been collapsed.
Node N_33_i has been collapsed.
Node N_35_i has been collapsed.
Node N_47_i has been collapsed.
Node N_46_i has been collapsed.
Node N_32_i has been collapsed.
Node N_34_i has been collapsed.
Node N_35_1 has been collapsed.
Node N_23_0_1 has been collapsed.
Node C_c_0 has been collapsed.
Node E_c_0_1 has been collapsed.
Node E_c_0_2 has been collapsed.
Node N_44_1 has been collapsed.
Node N_33 has been collapsed.
Node N_20_0_1 has been collapsed.
Node C_c_0_1 has been collapsed.
Node E_c_0 has been collapsed.
Node N_36 has been collapsed.
Node D_c_0_2 has been collapsed.
Node F_c_0_1 has been collapsed.
Node N_37 has been collapsed.
Node N_42_1 has been collapsed.
Node N_40_1 has been collapsed.
Node N_39_1 has been collapsed.
Node N_38 has been collapsed.
Node N_28_0 has been collapsed.
Node N_41 has been collapsed.
Node N_43 has been collapsed.
Node N_37_1 has been collapsed.
Node N_24 has been collapsed.
Node Z_c has been collapsed.
Node Y_c has been collapsed.
Node W_c has been collapsed.
Node W_i has been collapsed.
Node Z_i has been collapsed.
Node Y_i has been collapsed.
Node N_32 has been collapsed.
Node N_50 has been collapsed.
Node N_48 has been collapsed.
Node N_34 has been collapsed.
Node N_25_i has been collapsed.
Node X_c has been collapsed.
Node X_i has been collapsed.
Node N_35 has been collapsed.
Node N_39 has been collapsed.
Node N_40 has been collapsed.
Node N_47 has been collapsed.
Node N_24_0 has been collapsed.
Node N_46 has been collapsed.
Node N_44 has been collapsed.
Node N_42 has been collapsed.
Node F_c_0 has been collapsed.
Node D_c_0_1 has been collapsed.
Node D_c_0 has been collapsed.
Node E_c_0_3 has been collapsed.
Node C_c has been collapsed.
Node D_c has been collapsed.
Node E_c has been collapsed.
Node F_c has been collapsed.
Node N_23_0 has been collapsed.
Node N_20_0 has been collapsed.
Node N_18_0 has been collapsed.
Performing 'bypin choose' optimization...
Writing Open-ABEL 2 (BLIF) file codigo.bl1...

BLIFOPT complete - 0 errors, 0 warnings. Time: 1 seconds

Done: completed successfully.

Starting: 'C:\ispLEVER_Classic2_0\ispcpld\bin\iblflink.exe "codigo.bl1" -o "convertidores_de_codigo.bl2" -omod codigo -family -err automake.err -gui'

BLIFLINK  Top-Down Design Linker
ispLEVER Classic 2.0 Copyright(C), 1992-2005, Lattice Semiconductor Corporation. All rights reserved
Portions Copyright(c), 1992-1999, Vantis Corporation
Portions Copyright(C), 1993-1998, Data I/O Corporation
Portions Copyright(C), 1997-1998, MINC Washington Corporation
Portions Copyright(C), Alan Phillips, Lancaster University Computer Centre 1992-1998

Top-level file: 'codigo.bl1'

Hierarchical BLIF: 'convertidores_de_codigo.bl2'

BLIFLINK complete.  Time: 1 second 

Done: completed successfully.

Starting: 'C:\ispLEVER_Classic2_0\ispcpld\bin\iblifopt.exe convertidores_de_codigo.bl2 -red bypin choose -sweep -collapse all -pterms 8 -err automake.err -gui'

BLIFOPT  Open-ABEL Optimizer 
ispLEVER Classic 2.0 Copyright(C), 1992-2005, Lattice Semiconductor Corporation. All rights reserved
Portions Copyright(c), 1992-1999, Vantis Corporation
Portions Copyright(C), 1993-1998, Data I/O Corporation
Portions Copyright(C), 1997-1998, MINC Washington Corporation
Portions Copyright(C), Alan Phillips, Lancaster University Computer Centre 1992-1998
U.C. Berkeley, SIS Ver. 1.0, supported by Lattice Semiconductor Corp.
Reading Open-ABEL 2 file convertidores_de_codigo.bl2...
Performing 'bypin choose' optimization...
Writing Open-ABEL 2 (BLIF) file convertidores_de_codigo.bl3...

BLIFOPT complete - 0 errors, 0 warnings. Time: 1 seconds

Done: completed successfully.

Starting: 'C:\ispLEVER_Classic2_0\ispcpld\bin\idiofft.exe convertidores_de_codigo.bl3 -pla -o convertidores_de_codigo.tt2 -dev p22v10g -define N -err automake.err -gui'

DIOFFT  Flip-Flop Transformation program
ispLEVER Classic 2.0 Copyright(C), 1992-2005, Lattice Semiconductor Corporation. All rights reserved
Portions Copyright(c), 1992-1999, Vantis Corporation
Portions Copyright(C), 1993-1998, Data I/O Corporation
Portions Copyright(C), 1997-1998, MINC Washington Corporation
Portions Copyright(C), Alan Phillips, Lancaster University Computer Centre 1992-1998
Input file: convertidores_de_codigo.bl3.
Output file: convertidores_de_codigo.tt2.
Cross reference file: convertidores_de_codigo.xrf.

Shortening signal names...
Writing signal name cross reference file convertidores_de_codigo.xrf... 

DIOFFT complete. - Time 0 seconds

Done: completed successfully.

Starting: 'C:\ispLEVER_Classic2_0\ispcpld\bin\fit.exe convertidores_de_codigo.tt2 -dev p22v10g -str -err automake.err -gui'

FIT  Generic Device Fitter
ispLEVER Classic 2.0 Copyright(C), 1992-2005, Lattice Semiconductor Corporation. All rights reserved
Portions Copyright(c), 1992-1999, Vantis Corporation
Portions Copyright(C), 1993-1998, Data I/O Corporation
Portions Copyright(C), 1997-1998, MINC Washington Corporation
Portions Copyright(C), Alan Phillips, Lancaster University Computer Centre 1992-1998
Input file: 'convertidores_de_codigo.tt2'
Device 'p22v10g'
Design FITS
Pin-assigned pla: 'convertidores_de_codigo.tt3'

FIT complete.  Time: 1 second.

Done: completed successfully.

Starting: 'C:\ispLEVER_Classic2_0\ispcpld\bin\fuseasm.exe convertidores_de_codigo.tt3 -dev p22v10g -o convertidores_de_codigo.jed -ivec NoInput.tmv -rep convertidores_de_codigo.rpt -doc brief -con ptblown -for brief -err automake.err -gui'

FUSEASM  Fusemap Assembler
ispLEVER Classic 2.0 Copyright(C), 1992-2005, Lattice Semiconductor Corporation. All rights reserved
Portions Copyright(c), 1992-1999, Vantis Corporation
Portions Copyright(C), 1993-1998, Data I/O Corporation
Portions Copyright(C), 1997-1998, MINC Washington Corporation
Portions Copyright(C), Alan Phillips, Lancaster University Computer Centre 1992-1998
Note 5144: Could not open vector file NoInput.tmv

Input file: 'convertidores_de_codigo.tt3'
Device: 'P22V10G'
Building model...
Choosing best polarities...
Mapping equations...
.
31 of 132 terms used; 0 vectors loaded
Programmer load file: 'convertidores_de_codigo.jed'
Generating report...
Report file: 'convertidores_de_codigo.rpt'

FUSEASM complete.  Time: 1 second 

Done: completed successfully.
