Running in Lattice mode


Starting:    C:\ispLEVER_Classic2_0\synpbase\win64\mbin\synbatch.exe
Install:     C:\ispLEVER_Classic2_0\synpbase
Date:        Wed Nov 08 20:48:36 2017
Version:     I-2014.03LC 

Arguments:   -product synplify_pro  -batch c:/users/ismae/documents/github repos/aplicacion_sistemas_digitales/practicas/practica 6\codigo.prj
ProductType: synplify_pro





log file: "C:\users\ismae\documents\github repos\aplicacion_sistemas_digitales\practicas\practica 6\codigo.srr"

Running codigo|practica 6

Running: Compile on codigo|practica 6

Running: Compile Process on codigo|practica 6

Running: Compile Input on codigo|practica 6
Copied C:\users\ismae\documents\github repos\aplicacion_sistemas_digitales\practicas\practica 6\synwork\codigo_comp.srs to C:\users\ismae\documents\github repos\aplicacion_sistemas_digitales\practicas\practica 6\codigo.srs
compiler Completed
Return Code: 0
Run Time:0h:00m:02s

Running: Multi-srs Generator on codigo|practica 6
Copied C:\users\ismae\documents\github repos\aplicacion_sistemas_digitales\practicas\practica 6\synwork\codigo_comp.srs to C:\users\ismae\documents\github repos\aplicacion_sistemas_digitales\practicas\practica 6\synwork\codigo_s.srs
multi_srs_gen Completed
Return Code: 0
Run Time:0h:00m:02s
Copied C:\users\ismae\documents\github repos\aplicacion_sistemas_digitales\practicas\practica 6\synwork\codigo_mult.srs to C:\users\ismae\documents\github repos\aplicacion_sistemas_digitales\practicas\practica 6\codigo.srs
Copied C:\users\ismae\documents\github repos\aplicacion_sistemas_digitales\practicas\practica 6\codigo.srr to C:\users\ismae\documents\github repos\aplicacion_sistemas_digitales\practicas\practica 6\codigo.srf
Complete: Compile Process on codigo|practica 6
Complete: Compile on codigo|practica 6

Running: Map on codigo|practica 6

Running: Map & Optimize on codigo|practica 6
fpga_mapper Completed
Return Code: 0
Run Time:0h:00m:02s
Complete: Map on codigo|practica 6
Copied C:\users\ismae\documents\github repos\aplicacion_sistemas_digitales\practicas\practica 6\codigo.srr to C:\users\ismae\documents\github repos\aplicacion_sistemas_digitales\practicas\practica 6\codigo.srf
Complete: Logic Synthesis on codigo|practica 6

exit status=0

exit status=0

