Running in Lattice mode


Starting:    C:\ispLEVER_Classic2_0\synpbase\win64\mbin\synbatch.exe
Install:     C:\ispLEVER_Classic2_0\synpbase
Date:        Thu Oct 12 21:18:04 2017
Version:     I-2014.03LC 

Arguments:   -product synplify_pro  -batch c:/isplever_classic2_0/examples/ochomas/problema 22\codigo.prj
ProductType: synplify_pro





log file: "C:\isplever_classic2_0\examples\ochomas\problema 22\codigo.srr"

Running codigo|problema 22

Running: Compile on codigo|problema 22

Running: Compile Process on codigo|problema 22

Running: Compile Input on codigo|problema 22
Copied C:\isplever_classic2_0\examples\ochomas\problema 22\synwork\codigo_comp.srs to C:\isplever_classic2_0\examples\ochomas\problema 22\codigo.srs
compiler Completed
Return Code: 0
Run Time:0h:00m:02s

Running: Multi-srs Generator on codigo|problema 22
Copied C:\isplever_classic2_0\examples\ochomas\problema 22\synwork\codigo_comp.srs to C:\isplever_classic2_0\examples\ochomas\problema 22\synwork\codigo_s.srs
multi_srs_gen Completed
Return Code: 0
Run Time:0h:00m:02s
Copied C:\isplever_classic2_0\examples\ochomas\problema 22\synwork\codigo_mult.srs to C:\isplever_classic2_0\examples\ochomas\problema 22\codigo.srs
Copied C:\isplever_classic2_0\examples\ochomas\problema 22\codigo.srr to C:\isplever_classic2_0\examples\ochomas\problema 22\codigo.srf
Complete: Compile Process on codigo|problema 22
Complete: Compile on codigo|problema 22

Running: Map on codigo|problema 22

Running: Map & Optimize on codigo|problema 22
fpga_mapper Completed
Return Code: 0
Run Time:0h:00m:01s
Complete: Map on codigo|problema 22
Copied C:\isplever_classic2_0\examples\ochomas\problema 22\codigo.srr to C:\isplever_classic2_0\examples\ochomas\problema 22\codigo.srf
Complete: Logic Synthesis on codigo|problema 22

exit status=0

exit status=0

